<?xml version="1.0" encoding="UTF-8"?>
<!-- Generated by org.testng.reporters.JUnitReportReporter -->
<testsuite hostname="DESKTOP-PNUJ0D3" failures="0" tests="16" name="flipkart.tests.SearchFlightsTest" time="43.601" errors="0" timestamp="2021-10-31T13:08:16 IST" skipped="0">
  <testcase classname="flipkart.tests.SearchFlightsTest" name="T11_skipLogin" time="0.579"/>
  <system-out>
    <![CDATA[isSkipLoginWinodwDisplayed >> true]]>
  </system-out>
  <testcase classname="flipkart.tests.SearchFlightsTest" name="T12_gotoTravel" time="0.339"/>
  <system-out/>
  <testcase classname="flipkart.tests.SearchFlightsTest" name="T13_checkOneWayButtonIsSelected" time="1.488"/>
  <system-out>
    <![CDATA[isOneWaySelected >> true]]>
  </system-out>
  <testcase classname="flipkart.tests.SearchFlightsTest" name="T14_checkRoundTripButton" time="0.528"/>
  <system-out/>
  <testcase classname="flipkart.tests.SearchFlightsTest" name="T15_selectFromCity" time="1.004"/>
  <system-out/>
  <testcase classname="flipkart.tests.SearchFlightsTest" name="T16_selectToCity" time="1.013"/>
  <system-out/>
  <testcase classname="flipkart.tests.SearchFlightsTest" name="T17_selectFromDate" time="0.765"/>
  <system-out/>
  <testcase classname="flipkart.tests.SearchFlightsTest" name="T18_selectToDate" time="20.535"/>
  <system-out/>
  <testcase classname="flipkart.tests.SearchFlightsTest" name="T19_selectTravellersDetails" time="1.227"/>
  <system-out/>
  <testcase classname="flipkart.tests.SearchFlightsTest" name="T20_clickOnSerach" time="0.278"/>
  <system-out/>
  <testcase classname="flipkart.tests.SearchFlightsTest" name="T21_checkNonStopIsNotSelected" time="8.393"/>
  <system-out>
    <![CDATA[isNonStopSelected >> true]]>
  </system-out>
  <testcase classname="flipkart.tests.SearchFlightsTest" name="T22_clickNonStop" time="0.482"/>
  <system-out/>
  <testcase classname="flipkart.tests.SearchFlightsTest" name="T23_printAllPrices" time="2.569"/>
  <system-out/>
  <testcase classname="flipkart.tests.SearchFlightsTest" name="T24_selectTheLastFlight" time="0.632"/>
  <system-out/>
  <testcase classname="flipkart.tests.SearchFlightsTest" name="T25_clickBookButton" time="3.085"/>
  <system-out/>
  <testcase classname="flipkart.tests.SearchFlightsTest" name="T26_orderReview" time="0.684"/>
  <system-out>
    <![CDATA[isOrderReviewSuccess >> true]]>
  </system-out>
</testsuite> <!-- flipkart.tests.SearchFlightsTest -->
