<?xml version="1.0" encoding="UTF-8"?>
<!-- Generated by org.testng.reporters.JUnitReportReporter -->
<testsuite hostname="DESKTOP-PNUJ0D3" failures="0" tests="16" name="flipkart.tests.SearchFlightsTest" time="20.224" errors="0" timestamp="2021-10-28T18:08:07 IST" skipped="0">
  <testcase classname="flipkart.tests.SearchFlightsTest" name="T11_skipLogin" time="1.342"/>
  <system-out>
    <![CDATA[isSkipLoginWinodwDisplayed >> true]]>
  </system-out>
  <testcase classname="flipkart.tests.SearchFlightsTest" name="T12_gotoTravel" time="0.411"/>
  <system-out/>
  <testcase classname="flipkart.tests.SearchFlightsTest" name="T13_checkOneWayButtonIsSelected" time="1.494"/>
  <system-out>
    <![CDATA[isOneWaySelected >> true]]>
  </system-out>
  <testcase classname="flipkart.tests.SearchFlightsTest" name="T14_checkRoundTripButton" time="0.574"/>
  <system-out/>
  <testcase classname="flipkart.tests.SearchFlightsTest" name="T15_selectFromCity" time="0.918"/>
  <system-out/>
  <testcase classname="flipkart.tests.SearchFlightsTest" name="T16_selectToCity" time="1.047"/>
  <system-out/>
  <testcase classname="flipkart.tests.SearchFlightsTest" name="T17_selectFromDate" time="0.842"/>
  <system-out/>
  <testcase classname="flipkart.tests.SearchFlightsTest" name="T18_selectToDate" time="0.672"/>
  <system-out/>
  <testcase classname="flipkart.tests.SearchFlightsTest" name="T19_selectTravellersDetails" time="1.469"/>
  <system-out/>
  <testcase classname="flipkart.tests.SearchFlightsTest" name="T20_clickOnSerach" time="0.278"/>
  <system-out/>
  <testcase classname="flipkart.tests.SearchFlightsTest" name="T21_checkNonStopIsNotSelected" time="5.072"/>
  <system-out>
    <![CDATA[isNonStopSelected >> true]]>
  </system-out>
  <testcase classname="flipkart.tests.SearchFlightsTest" name="T22_clickNonStop" time="0.493"/>
  <system-out/>
  <testcase classname="flipkart.tests.SearchFlightsTest" name="T23_printAllPrices" time="2.359"/>
  <system-out/>
  <testcase classname="flipkart.tests.SearchFlightsTest" name="T24_selectTheLastFlight" time="0.729"/>
  <system-out/>
  <testcase classname="flipkart.tests.SearchFlightsTest" name="T25_clickBookButton" time="2.018"/>
  <system-out/>
  <testcase classname="flipkart.tests.SearchFlightsTest" name="T26_orderReview" time="0.506"/>
  <system-out>
    <![CDATA[isOrderReviewSuccess >> true]]>
  </system-out>
</testsuite> <!-- flipkart.tests.SearchFlightsTest -->
